<?xml version="1.0" encoding="UTF-8"?>
<coverage generated="1719253430930" clover="3.2.0">
  <project timestamp="1719253430931" name="All files">
    <metrics statements="4" coveredstatements="4" conditionals="0" coveredconditionals="0" methods="0" coveredmethods="0" elements="4" coveredelements="4" complexity="0" loc="4" ncloc="4" packages="1" files="1" classes="1"/>
    <file name="UserDetails.js" path="C:\Users\Lucas\Documents\beotc\UserDetails.js">
      <metrics statements="4" coveredstatements="4" conditionals="0" coveredconditionals="0" methods="0" coveredmethods="0"/>
      <line num="1" count="6" type="stmt"/>
      <line num="3" count="6" type="stmt"/>
      <line num="11" count="6" type="stmt"/>
      <line num="13" count="6" type="stmt"/>
    </file>
  </project>
</coverage>
