{"C:\\Users\\Lucas\\Documents\\beotc\\UserDetails.js": {"path":"C:\\Users\\Lucas\\Documents\\beotc\\UserDetails.js","statementMap":{"0":{"start":{"line":1,"column":17},"end":{"line":1,"column":36}},"1":{"start":{"line":3,"column":25},"end":{"line":9,"column":2}},"2":{"start":{"line":11,"column":17},"end":{"line":11,"column":61}},"3":{"start":{"line":13,"column":0},"end":{"line":13,"column":26}}},"fnMap":{},"branchMap":{},"s":{"0":6,"1":6,"2":6,"3":6},"f":{},"b":{},"_coverageSchema":"1a1c01bbd47fc00a2c39e90264f33305004495a9","hash":"67c718ca0725f0ef32937a5edbf0eb3099e3f22d"}
}
